<?xml version="1.0" encoding="UTF-8"?>
<!-- Generated by org.testng.reporters.JUnitReportReporter -->
<testsuite hostname="LAPTOP-LG4K5LS5" failures="0" tests="1" name="DemoGit.Pratice1" time="0.009" errors="0" timestamp="2022-02-01T22:10:03 IST" skipped="0">
  <testcase classname="DemoGit.Pratice1" name="demoGit" time="0.009"/>
  <system-out/>
</testsuite> <!-- DemoGit.Pratice1 -->
